<?xml version="1.0" encoding="UTF-8"?>
<!-- Generated by org.testng.reporters.JUnitReportReporter -->
<testsuite hostname="DESKTOP-IO3GIFB" failures="0" tests="1" name="TestScript.ManageNewsTest" time="10.419" errors="0" timestamp="2025-10-15T10:02:52 IST" skipped="0">
  <testcase classname="TestScript.ManageNewsTest" name="verfiyUserCanAccessManageNewsPage" time="10.419"/>
</testsuite> <!-- TestScript.ManageNewsTest -->
