<?xml version="1.0" encoding="UTF-8"?>
<!-- Generated by org.testng.reporters.JUnitReportReporter -->
<testsuite hostname="DESKTOP-IO3GIFB" failures="0" tests="1" name="TestScript.ManageContactTest" time="8.798" errors="0" timestamp="2025-10-09T10:09:40 IST" skipped="0">
  <testcase classname="TestScript.ManageContactTest" name="isTheCustomerAbleToUpdateContact" time="8.798"/>
</testsuite> <!-- TestScript.ManageContactTest -->
