<?xml version="1.0" encoding="UTF-8"?>
<!-- Generated by org.testng.reporters.JUnitReportReporter -->
<testsuite hostname="DESKTOP-IO3GIFB" failures="0" tests="1" name="TestScript.LoginTest" time="6.166" errors="0" timestamp="2025-10-21T08:19:07 IST" skipped="0">
  <testcase classname="TestScript.LoginTest" name="verfiyTheUserIsAbleToLoginWithInvalidCredentials" time="6.166"/>
</testsuite> <!-- TestScript.LoginTest -->
