<?xml version="1.0" encoding="UTF-8"?>
<!-- Generated by org.testng.reporters.JUnitReportReporter -->
<testsuite hostname="DESKTOP-IO3GIFB" failures="0" tests="1" name="TestScript.ManageNewsTest" time="6.695" errors="0" timestamp="2025-10-08T10:38:41 IST" skipped="0">
  <testcase classname="TestScript.ManageNewsTest" name="verfiyUserCanAccessManageNewsPage" time="6.695"/>
</testsuite> <!-- TestScript.ManageNewsTest -->
