<?xml version="1.0" encoding="UTF-8"?>
<!-- Generated by org.testng.reporters.JUnitReportReporter -->
<testsuite hostname="DESKTOP-IO3GIFB" failures="0" tests="1" name="TestScript.LogoutTest" time="4.055" errors="0" timestamp="2025-10-08T10:38:41 IST" skipped="0">
  <testcase classname="TestScript.LogoutTest" name="customercanlogout" time="4.055"/>
</testsuite> <!-- TestScript.LogoutTest -->
