<?xml version="1.0" encoding="UTF-8"?>
<!-- Generated by org.testng.reporters.JUnitReportReporter -->
<testsuite hostname="DESKTOP-IO3GIFB" failures="0" tests="1" name="TestScript.ManageFooterTextTest" time="7.065" errors="0" timestamp="2025-10-09T10:16:15 IST" skipped="0">
  <testcase classname="TestScript.ManageFooterTextTest" name="isTheUserAbleToUpdateFootertext" time="7.065"/>
</testsuite> <!-- TestScript.ManageFooterTextTest -->
