<?xml version="1.0" encoding="UTF-8"?>
<!-- Generated by org.testng.reporters.JUnitReportReporter -->
<testsuite hostname="DESKTOP-IO3GIFB" failures="0" tests="1" name="TestScript.AdminUsersTest" time="5.032" errors="0" timestamp="2025-10-10T11:04:42 IST" skipped="0">
  <testcase classname="TestScript.AdminUsersTest" name="isUserAbleToAddNewUser" time="5.032"/>
</testsuite> <!-- TestScript.AdminUsersTest -->
